2024-06-28 11:27:28 - INFO: Начало расчёта
2024-06-28 11:27:28 - INFO: Входное значение x: 0.5
2024-06-28 11:27:28 - FINE: Итерация 1, временное значение: 0.041666666666666664, промежуточная сумма: 0.041666666666666664
2024-06-28 11:27:28 - FINE: Итерация 2, временное значение: -0.0020833333333333333, промежуточная сумма: 0.03958333333333333
2024-06-28 11:27:28 - FINE: Итерация 3, временное значение: 2.2321428571428573E-4, промежуточная сумма: 0.039806547619047616
2024-06-28 11:27:28 - FINE: Итерация 4, временное значение: -3.1001984126984125E-5, промежуточная сумма: 0.03977554563492063
2024-06-28 11:27:28 - FINE: Итерация 5, временное значение: 4.932133838383838E-6, промежуточная сумма: 0.039780477768759016
2024-06-28 11:27:28 - FINE: Итерация 6, временное значение: -8.53638548951049E-7, промежуточная сумма: 0.039779624130210064
2024-06-28 11:27:28 - FINE: Итерация 7, временное значение: 1.5650040064102564E-7, промежуточная сумма: 0.0397797806306107
2024-06-28 11:27:28 - FINE: Итерация 8, временное значение: -2.991919424019608E-8, промежуточная сумма: 0.03977975071141646
2024-06-28 11:27:28 - FINE: Итерация 9, временное значение: 5.905104126354489E-9, промежуточная сумма: 0.03977975661652059
2024-06-28 11:27:28 - FINE: Итерация 10, временное значение: -1.1950805970003132E-9, промежуточная сумма: 0.039779755421439994
2024-06-28 11:27:28 - FINE: Итерация 11, временное значение: 2.4681012329354293E-10, промежуточная сумма: 0.039779755668250115
2024-06-28 11:27:28 - FINE: Итерация 12, временное значение: -5.183012589164402E-11, промежуточная сумма: 0.03977975561641999
2024-06-28 11:27:28 - FINE: Итерация 13, временное значение: 1.1037897180627893E-11, промежуточная сумма: 0.03977975562745789
2024-06-28 11:27:28 - FINE: Итерация 14, временное значение: -2.3788571509973906E-12, промежуточная сумма: 0.03977975562507904
2024-06-28 11:27:28 - FINE: Итерация 15, временное значение: 5.17976960297819E-13, промежуточная сумма: 0.03977975562559701
2024-06-28 11:27:28 - FINE: Итерация 16, временное значение: -1.137979685502784E-13, промежуточная сумма: 0.039779755625483214
2024-06-28 11:27:28 - FINE: Итерация 17, временное значение: 2.5198121607561648E-14, промежуточная сумма: 0.03977975562550841
2024-06-28 11:27:28 - FINE: Итерация 18, временное значение: -5.61850008817253E-15, промежуточная сумма: 0.03977975562550279
2024-06-28 11:27:28 - FINE: Итерация 19, временное значение: 1.2605609172181958E-15, промежуточная сумма: 0.03977975562550405
2024-06-28 11:27:28 - FINE: Итерация 20, временное значение: -2.843948410797149E-16, промежуточная сумма: 0.03977975562550377
2024-06-28 11:27:28 - FINE: Итерация 21, временное значение: 6.448487675644699E-17, промежуточная сумма: 0.03977975562550383
2024-06-28 11:27:28 - FINE: Итерация 22, временное значение: -1.4688221927857367E-17, промежуточная сумма: 0.039779755625503815
2024-06-28 11:27:28 - FINE: Итерация 23, временное значение: 3.3595401217971642E-18, промежуточная сумма: 0.039779755625503815
2024-06-28 11:27:28 - FINE: Итерация 24, временное значение: -7.713229871473081E-19, промежуточная сумма: 0.039779755625503815
2024-06-28 11:27:28 - FINE: Итерация 25, временное значение: 1.777067666466837E-19, промежуточная сумма: 0.039779755625503815
2024-06-28 11:27:28 - FINE: Итерация 26, временное значение: -4.107373380041275E-20, промежуточная сумма: 0.039779755625503815
2024-06-28 11:27:28 - FINE: Итерация 27, временное значение: 9.521638290095681E-21, промежуточная сумма: 0.039779755625503815
2024-06-28 11:27:28 - FINE: Итерация 28, временное значение: -2.213363286732768E-21, промежуточная сумма: 0.039779755625503815
2024-06-28 11:27:28 - FINE: Итерация 29, временное значение: 5.158261897046705E-22, промежуточная сумма: 0.039779755625503815
2024-06-28 11:27:28 - FINE: Итерация 30, временное значение: -1.2050038038182877E-22, промежуточная сумма: 0.039779755625503815
2024-06-28 11:27:28 - INFO: Результат Y: 0.03977975562550379
2024-06-28 11:27:28 - INFO: Сумма S: 0.039779755625503815
2024-06-28 11:27:28 - INFO: Результаты установлены в текстовые поля
2024-06-28 11:27:28 - INFO: Конец расчёта
2024-06-28 11:30:04 - INFO: Начало расчёта
2024-06-28 11:30:04 - INFO: Входное значение x: 1.0
2024-06-28 11:30:04 - FINE: Итерация 1, временное значение: 0.3333333333333333, промежуточная сумма: 0.3333333333333333
2024-06-28 11:30:04 - FINE: Итерация 2, временное значение: -0.06666666666666667, промежуточная сумма: 0.26666666666666666
2024-06-28 11:30:04 - FINE: Итерация 3, временное значение: 0.028571428571428574, промежуточная сумма: 0.29523809523809524
2024-06-28 11:30:04 - FINE: Итерация 4, временное значение: -0.015873015873015872, промежуточная сумма: 0.27936507936507937
2024-06-28 11:30:04 - FINE: Итерация 5, временное значение: 0.0101010101010101, промежуточная сумма: 0.2894660894660895
2024-06-28 11:30:04 - FINE: Итерация 6, временное значение: -0.006993006993006993, промежуточная сумма: 0.2824730824730825
2024-06-28 11:30:04 - FINE: Итерация 7, временное значение: 0.005128205128205128, промежуточная сумма: 0.2876012876012876
2024-06-28 11:30:04 - FINE: Итерация 8, временное значение: -0.00392156862745098, промежуточная сумма: 0.28367971897383665
2024-06-28 11:30:04 - FINE: Итерация 9, временное значение: 0.003095975232198142, промежуточная сумма: 0.28677569420603477
2024-06-28 11:30:04 - FINE: Итерация 10, временное значение: -0.002506265664160401, промежуточная сумма: 0.28426942854187437
2024-06-28 11:30:04 - FINE: Итерация 11, временное значение: 0.0020703933747412005, промежуточная сумма: 0.28633982191661556
2024-06-28 11:30:04 - FINE: Итерация 12, временное значение: -0.0017391304347826085, промежуточная сумма: 0.2846006914818329
2024-06-28 11:30:04 - FINE: Итерация 13, временное значение: 0.0014814814814814814, промежуточная сумма: 0.2860821729633144
2024-06-28 11:30:04 - FINE: Итерация 14, временное значение: -0.0012771392081736908, промежуточная сумма: 0.2848050337551407
2024-06-28 11:30:04 - FINE: Итерация 15, временное значение: 0.0011123470522803114, промежуточная сумма: 0.285917380807421
2024-06-28 11:30:04 - FINE: Итерация 16, временное значение: -9.775171065493646E-4, промежуточная сумма: 0.28493986370087165
2024-06-28 11:30:04 - FINE: Итерация 17, временное значение: 8.658008658008658E-4, промежуточная сумма: 0.2858056645666725
2024-06-28 11:30:04 - FINE: Итерация 18, временное значение: -7.722007722007722E-4, промежуточная сумма: 0.28503346379447175
2024-06-28 11:30:04 - FINE: Итерация 19, временное значение: 6.93000693000693E-4, промежуточная сумма: 0.28572646448747246
2024-06-28 11:30:04 - FINE: Итерация 20, временное значение: -6.253908692933083E-4, промежуточная сумма: 0.28510107361817916
2024-06-28 11:30:04 - FINE: Итерация 21, временное значение: 5.672149744753262E-4, промежуточная сумма: 0.2856682885926545
2024-06-28 11:30:04 - FINE: Итерация 22, временное значение: -5.167958656330749E-4, промежуточная сумма: 0.2851514927270214
2024-06-28 11:30:04 - FINE: Итерация 23, временное значение: 4.728132387706856E-4, промежуточная сумма: 0.2856243059657921
2024-06-28 11:30:04 - FINE: Итерация 24, временное значение: -4.342162396873643E-4, промежуточная сумма: 0.2851900897261047
2024-06-28 11:30:04 - FINE: Итерация 25, временное значение: 4.001600640256102E-4, промежуточная сумма: 0.2855902497901303
2024-06-28 11:30:04 - FINE: Итерация 26, временное значение: -3.699593044765076E-4, промежуточная сумма: 0.2852202904856538
2024-06-28 11:30:04 - FINE: Итерация 27, временное значение: 3.4305317324185246E-4, промежуточная сумма: 0.28556334365889563
2024-06-28 11:30:04 - FINE: Итерация 28, временное значение: -3.189792663476874E-4, промежуточная сумма: 0.28524436439254797
2024-06-28 11:30:04 - FINE: Итерация 29, временное значение: 2.973535533749628E-4, промежуточная сумма: 0.2855417179459229
2024-06-28 11:30:04 - FINE: Итерация 30, временное значение: -2.778549597110308E-4, промежуточная сумма: 0.28526386298621187
2024-06-28 11:30:04 - INFO: Результат Y: 0.2853981633974483
2024-06-28 11:30:04 - INFO: Сумма S: 0.28526386298621187
2024-06-28 11:30:04 - INFO: Результаты установлены в текстовые поля
2024-06-28 11:30:04 - INFO: Конец расчёта
